E:\FILE\STUDY\CODE\DESIGNPATTERN\C++_DESIGNPATTERN\TEMPLATEMETHOD\DEBUG\TEMPLATEMETHOD.EXE
E:\FILE\STUDY\CODE\DESIGNPATTERN\C++_DESIGNPATTERN\TEMPLATEMETHOD\DEBUG\TEMPLATEMETHOD.ILK
E:\FILE\STUDY\CODE\DESIGNPATTERN\C++_DESIGNPATTERN\TEMPLATEMETHOD\DEBUG\TEMPLATEMETHOD.PDB
E:\file\study\code\DesignPattern\C++_DesignPattern\TemplateMethod\TemplateMethod\Debug\cl.command.1.tlog
E:\file\study\code\DesignPattern\C++_DesignPattern\TemplateMethod\TemplateMethod\Debug\CL.read.1.tlog
E:\file\study\code\DesignPattern\C++_DesignPattern\TemplateMethod\TemplateMethod\Debug\CL.write.1.tlog
E:\file\study\code\DesignPattern\C++_DesignPattern\TemplateMethod\TemplateMethod\Debug\link.16340.read.1.tlog
E:\file\study\code\DesignPattern\C++_DesignPattern\TemplateMethod\TemplateMethod\Debug\link.16340.write.1.tlog
E:\file\study\code\DesignPattern\C++_DesignPattern\TemplateMethod\TemplateMethod\Debug\link.16340-cvtres.read.1.tlog
E:\file\study\code\DesignPattern\C++_DesignPattern\TemplateMethod\TemplateMethod\Debug\link.16340-cvtres.write.1.tlog
E:\file\study\code\DesignPattern\C++_DesignPattern\TemplateMethod\TemplateMethod\Debug\link.7196.read.1.tlog
E:\file\study\code\DesignPattern\C++_DesignPattern\TemplateMethod\TemplateMethod\Debug\link.7196.write.1.tlog
E:\file\study\code\DesignPattern\C++_DesignPattern\TemplateMethod\TemplateMethod\Debug\link.7196-cvtres.read.1.tlog
E:\file\study\code\DesignPattern\C++_DesignPattern\TemplateMethod\TemplateMethod\Debug\link.7196-cvtres.write.1.tlog
E:\file\study\code\DesignPattern\C++_DesignPattern\TemplateMethod\TemplateMethod\Debug\link.command.1.tlog
E:\file\study\code\DesignPattern\C++_DesignPattern\TemplateMethod\TemplateMethod\Debug\link.read.1.tlog
E:\file\study\code\DesignPattern\C++_DesignPattern\TemplateMethod\TemplateMethod\Debug\link.write.1.tlog
E:\file\study\code\DesignPattern\C++_DesignPattern\TemplateMethod\TemplateMethod\Debug\link-cvtres.read.1.tlog
E:\file\study\code\DesignPattern\C++_DesignPattern\TemplateMethod\TemplateMethod\Debug\link-cvtres.write.1.tlog
E:\file\study\code\DesignPattern\C++_DesignPattern\TemplateMethod\TemplateMethod\Debug\mt.command.1.tlog
E:\file\study\code\DesignPattern\C++_DesignPattern\TemplateMethod\TemplateMethod\Debug\mt.read.1.tlog
E:\file\study\code\DesignPattern\C++_DesignPattern\TemplateMethod\TemplateMethod\Debug\mt.write.1.tlog
E:\file\study\code\DesignPattern\C++_DesignPattern\TemplateMethod\TemplateMethod\Debug\rc.command.1.tlog
E:\file\study\code\DesignPattern\C++_DesignPattern\TemplateMethod\TemplateMethod\Debug\rc.read.1.tlog
E:\file\study\code\DesignPattern\C++_DesignPattern\TemplateMethod\TemplateMethod\Debug\rc.write.1.tlog
E:\FILE\STUDY\CODE\DESIGNPATTERN\C++_DESIGNPATTERN\TEMPLATEMETHOD\TEMPLATEMETHOD\DEBUG\STDAFX.OBJ
E:\FILE\STUDY\CODE\DESIGNPATTERN\C++_DESIGNPATTERN\TEMPLATEMETHOD\TEMPLATEMETHOD\DEBUG\TEMPLATEMETHOD.EXE.EMBED.MANIFEST
E:\FILE\STUDY\CODE\DESIGNPATTERN\C++_DESIGNPATTERN\TEMPLATEMETHOD\TEMPLATEMETHOD\DEBUG\TEMPLATEMETHOD.EXE.EMBED.MANIFEST.RES
E:\FILE\STUDY\CODE\DESIGNPATTERN\C++_DESIGNPATTERN\TEMPLATEMETHOD\TEMPLATEMETHOD\DEBUG\TEMPLATEMETHOD.EXE.INTERMEDIATE.MANIFEST
E:\FILE\STUDY\CODE\DESIGNPATTERN\C++_DESIGNPATTERN\TEMPLATEMETHOD\TEMPLATEMETHOD\DEBUG\TEMPLATEMETHOD.OBJ
E:\FILE\STUDY\CODE\DESIGNPATTERN\C++_DESIGNPATTERN\TEMPLATEMETHOD\TEMPLATEMETHOD\DEBUG\TEMPLATEMETHOD.PCH
E:\file\study\code\DesignPattern\C++_DesignPattern\TemplateMethod\TemplateMethod\Debug\TemplateMethod_manifest.rc
E:\file\study\code\DesignPattern\C++_DesignPattern\TemplateMethod\TemplateMethod\Debug\vc100.idb
E:\FILE\STUDY\CODE\DESIGNPATTERN\C++_DESIGNPATTERN\TEMPLATEMETHOD\TEMPLATEMETHOD\DEBUG\VC100.PDB
