生成启动时间为 2016/9/11 16:21:01。
     1>项目“E:\file\study\code\Design Pattern\Design Pattern\Design Pattern.vcxproj”在节点 2 上(build 个目标)。
     1>InitializeBuildStatus:
         正在对“Debug\Design Pattern.unsuccessfulbuild”执行 Touch 任务。
       ClCompile:
         所有输出均为最新。
         d:\Program Files (x86)\Microsoft Visual Studio 10.0\VC\bin\CL.exe /c /ZI /nologo /W3 /WX- /Od /Oy- /D WIN32 /D _DEBUG /D _CONSOLE /D _UNICODE /D UNICODE /Gm /EHsc /RTC1 /MDd /GS /fp:precise /Zc:wchar_t /Zc:forScope /Yu"StdAfx.h" /Fp"Debug\Design Pattern.pch" /Fo"Debug\\" /Fd"Debug\vc100.pdb" /Gd /TP /analyze- /errorReport:prompt AbstractFactory.cpp "Design Pattern.cpp"
         AbstractFactory.cpp
         正在生成代码...
         正在编译...
         Design Pattern.cpp
         正在生成代码...
       ManifestResourceCompile:
         所有输出均为最新。
       Link:
         d:\Program Files (x86)\Microsoft Visual Studio 10.0\VC\bin\link.exe /ERRORREPORT:PROMPT /OUT:"E:\file\study\code\Design Pattern\Debug\Design Pattern.exe" /INCREMENTAL /NOLOGO kernel32.lib user32.lib gdi32.lib winspool.lib comdlg32.lib advapi32.lib shell32.lib ole32.lib oleaut32.lib uuid.lib odbc32.lib odbccp32.lib /MANIFEST /ManifestFile:"Debug\Design Pattern.exe.intermediate.manifest" /MANIFESTUAC:"level='asInvoker' uiAccess='false'" /DEBUG /PDB:"E:\file\study\code\Design Pattern\Debug\Design Pattern.pdb" /SUBSYSTEM:CONSOLE /TLBID:1 /DYNAMICBASE /NXCOMPAT /IMPLIB:"E:\file\study\code\Design Pattern\Debug\Design Pattern.lib" /MACHINE:X86 "Debug\Design Pattern.exe.embed.manifest.res"
         Debug\AbstractFactory.obj
         "Debug\Design Pattern.obj"
         Debug\stdafx.obj
       Manifest:
         C:\Program Files (x86)\Microsoft SDKs\Windows\v7.0A\bin\mt.exe /nologo /verbose /out:"Debug\Design Pattern.exe.embed.manifest" /manifest "Debug\Design Pattern.exe.intermediate.manifest"
         C:\Program Files (x86)\Microsoft SDKs\Windows\v7.0A\bin\rc.exe /nologo /fo"Debug\Design Pattern.exe.embed.manifest.res" "Debug\Design Pattern_manifest.rc" 
       LinkEmbedManifest:
         d:\Program Files (x86)\Microsoft Visual Studio 10.0\VC\bin\link.exe /ERRORREPORT:PROMPT /OUT:"E:\file\study\code\Design Pattern\Debug\Design Pattern.exe" /INCREMENTAL /NOLOGO kernel32.lib user32.lib gdi32.lib winspool.lib comdlg32.lib advapi32.lib shell32.lib ole32.lib oleaut32.lib uuid.lib odbc32.lib odbccp32.lib /MANIFEST /ManifestFile:"Debug\Design Pattern.exe.intermediate.manifest" /MANIFESTUAC:"level='asInvoker' uiAccess='false'" /DEBUG /PDB:"E:\file\study\code\Design Pattern\Debug\Design Pattern.pdb" /SUBSYSTEM:CONSOLE /TLBID:1 /DYNAMICBASE /NXCOMPAT /IMPLIB:"E:\file\study\code\Design Pattern\Debug\Design Pattern.lib" /MACHINE:X86 "Debug\Design Pattern.exe.embed.manifest.res"
         Debug\AbstractFactory.obj
         "Debug\Design Pattern.obj"
         Debug\stdafx.obj
         Design Pattern.vcxproj -> E:\file\study\code\Design Pattern\Debug\Design Pattern.exe
       FinalizeBuildStatus:
         正在删除文件“Debug\Design Pattern.unsuccessfulbuild”。
         正在对“Debug\Design Pattern.lastbuildstate”执行 Touch 任务。
     1>已完成生成项目“E:\file\study\code\Design Pattern\Design Pattern\Design Pattern.vcxproj”(build 个目标)的操作。

生成成功。

已用时间 00:00:01.04
