E:\file\study\code\Design Pattern\Debug\Design Pattern.pdb
E:\FILE\STUDY\CODE\DESIGN PATTERN\DESIGN PATTERN\DEBUG\ABSTRACTFACTORY.OBJ
E:\file\study\code\Design Pattern\Design Pattern\Debug\cl.command.1.tlog
E:\file\study\code\Design Pattern\Design Pattern\Debug\CL.read.1.tlog
E:\file\study\code\Design Pattern\Design Pattern\Debug\CL.write.1.tlog
E:\file\study\code\Design Pattern\Design Pattern\Debug\Design Pattern.exe.embed.manifest
E:\FILE\STUDY\CODE\DESIGN PATTERN\DESIGN PATTERN\DEBUG\DESIGN PATTERN.EXE.EMBED.MANIFEST.RES
E:\file\study\code\Design Pattern\Design Pattern\Debug\Design Pattern.exe.intermediate.manifest
E:\FILE\STUDY\CODE\DESIGN PATTERN\DESIGN PATTERN\DEBUG\DESIGN PATTERN.OBJ
E:\FILE\STUDY\CODE\DESIGN PATTERN\DESIGN PATTERN\DEBUG\DESIGN PATTERN.PCH
E:\file\study\code\Design Pattern\Design Pattern\Debug\Design Pattern_manifest.rc
E:\file\study\code\Design Pattern\Design Pattern\Debug\link.command.1.tlog
E:\file\study\code\Design Pattern\Design Pattern\Debug\link.read.1.tlog
E:\file\study\code\Design Pattern\Design Pattern\Debug\link.write.1.tlog
E:\file\study\code\Design Pattern\Design Pattern\Debug\link-cvtres.read.1.tlog
E:\file\study\code\Design Pattern\Design Pattern\Debug\link-cvtres.write.1.tlog
E:\file\study\code\Design Pattern\Design Pattern\Debug\rc.command.1.tlog
E:\file\study\code\Design Pattern\Design Pattern\Debug\rc.read.1.tlog
E:\file\study\code\Design Pattern\Design Pattern\Debug\rc.write.1.tlog
E:\FILE\STUDY\CODE\DESIGN PATTERN\DESIGN PATTERN\DEBUG\STDAFX.OBJ
E:\file\study\code\Design Pattern\Design Pattern\Debug\vc100.idb
E:\FILE\STUDY\CODE\DESIGN PATTERN\DESIGN PATTERN\DEBUG\VC100.PDB
