E:\file\study\code\C++_Code\Factory\Debug\Factory.pdb
E:\file\study\code\C++_Code\Factory\Factory\Debug\cl.command.1.tlog
E:\file\study\code\C++_Code\Factory\Factory\Debug\CL.read.1.tlog
E:\file\study\code\C++_Code\Factory\Factory\Debug\CL.write.1.tlog
E:\file\study\code\C++_Code\Factory\Factory\Debug\Factory.exe.embed.manifest
E:\FILE\STUDY\CODE\C++_CODE\FACTORY\FACTORY\DEBUG\FACTORY.EXE.EMBED.MANIFEST.RES
E:\file\study\code\C++_Code\Factory\Factory\Debug\Factory.exe.intermediate.manifest
E:\FILE\STUDY\CODE\C++_CODE\FACTORY\FACTORY\DEBUG\FACTORY.OBJ
E:\FILE\STUDY\CODE\C++_CODE\FACTORY\FACTORY\DEBUG\FACTORY.PCH
E:\file\study\code\C++_Code\Factory\Factory\Debug\Factory_manifest.rc
E:\file\study\code\C++_Code\Factory\Factory\Debug\link.command.1.tlog
E:\file\study\code\C++_Code\Factory\Factory\Debug\link.read.1.tlog
E:\file\study\code\C++_Code\Factory\Factory\Debug\link.write.1.tlog
E:\file\study\code\C++_Code\Factory\Factory\Debug\link-cvtres.read.1.tlog
E:\file\study\code\C++_Code\Factory\Factory\Debug\link-cvtres.write.1.tlog
E:\file\study\code\C++_Code\Factory\Factory\Debug\rc.command.1.tlog
E:\file\study\code\C++_Code\Factory\Factory\Debug\rc.read.1.tlog
E:\file\study\code\C++_Code\Factory\Factory\Debug\rc.write.1.tlog
E:\FILE\STUDY\CODE\C++_CODE\FACTORY\FACTORY\DEBUG\STDAFX.OBJ
E:\file\study\code\C++_Code\Factory\Factory\Debug\vc100.idb
E:\FILE\STUDY\CODE\C++_CODE\FACTORY\FACTORY\DEBUG\VC100.PDB
