生成启动时间为 2016/9/12 18:56:09。
     1>项目“E:\file\study\code\C++_Code\Facade\Facade\Facade.vcxproj”在节点 2 上(build 个目标)。
     1>InitializeBuildStatus:
         正在创建“Debug\Facade.unsuccessfulbuild”，因为已指定“AlwaysCreate”。
       ClCompile:
         所有输出均为最新。
         d:\Program Files (x86)\Microsoft Visual Studio 10.0\VC\bin\CL.exe /c /ZI /nologo /W3 /WX- /Od /Oy- /D WIN32 /D _DEBUG /D _CONSOLE /D _UNICODE /D UNICODE /Gm /EHsc /RTC1 /MDd /GS /fp:precise /Zc:wchar_t /Zc:forScope /Yu"StdAfx.h" /Fp"Debug\Facade.pch" /Fo"Debug\\" /Fd"Debug\vc100.pdb" /Gd /TP /analyze- /errorReport:prompt Facade.cpp
         Facade.cpp
       ManifestResourceCompile:
         所有输出均为最新。
       Link:
         d:\Program Files (x86)\Microsoft Visual Studio 10.0\VC\bin\link.exe /ERRORREPORT:PROMPT /OUT:"E:\file\study\code\C++_Code\Facade\Debug\Facade.exe" /INCREMENTAL /NOLOGO kernel32.lib user32.lib gdi32.lib winspool.lib comdlg32.lib advapi32.lib shell32.lib ole32.lib oleaut32.lib uuid.lib odbc32.lib odbccp32.lib /MANIFEST /ManifestFile:"Debug\Facade.exe.intermediate.manifest" /MANIFESTUAC:"level='asInvoker' uiAccess='false'" /DEBUG /PDB:"E:\file\study\code\C++_Code\Facade\Debug\Facade.pdb" /SUBSYSTEM:CONSOLE /TLBID:1 /DYNAMICBASE /NXCOMPAT /IMPLIB:"E:\file\study\code\C++_Code\Facade\Debug\Facade.lib" /MACHINE:X86 Debug\Facade.exe.embed.manifest.res
         Debug\Facade.obj
         Debug\stdafx.obj
       Manifest:
         C:\Program Files (x86)\Microsoft SDKs\Windows\v7.0A\bin\mt.exe /nologo /verbose /out:"Debug\Facade.exe.embed.manifest" /manifest Debug\Facade.exe.intermediate.manifest
         所有输出均为最新。
       LinkEmbedManifest:
         所有输出均为最新。
         Facade.vcxproj -> E:\file\study\code\C++_Code\Facade\Debug\Facade.exe
       FinalizeBuildStatus:
         正在删除文件“Debug\Facade.unsuccessfulbuild”。
         正在对“Debug\Facade.lastbuildstate”执行 Touch 任务。
     1>已完成生成项目“E:\file\study\code\C++_Code\Facade\Facade\Facade.vcxproj”(build 个目标)的操作。

生成成功。

已用时间 00:00:00.66
