生成启动时间为 2016/9/11 22:27:35。
     1>项目“E:\file\study\code\C++_Code\Prototype\Prototype\Prototype.vcxproj”在节点 2 上(build 个目标)。
     1>InitializeBuildStatus:
         正在创建“Debug\Prototype.unsuccessfulbuild”，因为已指定“AlwaysCreate”。
       ClCompile:
         所有输出均为最新。
         d:\Program Files (x86)\Microsoft Visual Studio 10.0\VC\bin\CL.exe /c /ZI /nologo /W3 /WX- /Od /Oy- /D WIN32 /D _DEBUG /D _CONSOLE /D _UNICODE /D UNICODE /Gm /EHsc /RTC1 /MDd /GS /fp:precise /Zc:wchar_t /Zc:forScope /Yu"StdAfx.h" /Fp"Debug\Prototype.pch" /Fo"Debug\\" /Fd"Debug\vc100.pdb" /Gd /TP /analyze- /errorReport:prompt Prototype.cpp
         Prototype.cpp
       ManifestResourceCompile:
         所有输出均为最新。
       Link:
         d:\Program Files (x86)\Microsoft Visual Studio 10.0\VC\bin\link.exe /ERRORREPORT:PROMPT /OUT:"E:\file\study\code\C++_Code\Prototype\Debug\Prototype.exe" /INCREMENTAL /NOLOGO kernel32.lib user32.lib gdi32.lib winspool.lib comdlg32.lib advapi32.lib shell32.lib ole32.lib oleaut32.lib uuid.lib odbc32.lib odbccp32.lib /MANIFEST /ManifestFile:"Debug\Prototype.exe.intermediate.manifest" /MANIFESTUAC:"level='asInvoker' uiAccess='false'" /DEBUG /PDB:"E:\file\study\code\C++_Code\Prototype\Debug\Prototype.pdb" /SUBSYSTEM:CONSOLE /TLBID:1 /DYNAMICBASE /NXCOMPAT /IMPLIB:"E:\file\study\code\C++_Code\Prototype\Debug\Prototype.lib" /MACHINE:X86 Debug\Prototype.exe.embed.manifest.res
         Debug\Prototype.obj
         Debug\stdafx.obj
         Debug\WorkExperience.obj
       Manifest:
         C:\Program Files (x86)\Microsoft SDKs\Windows\v7.0A\bin\mt.exe /nologo /verbose /out:"Debug\Prototype.exe.embed.manifest" /manifest Debug\Prototype.exe.intermediate.manifest
         所有输出均为最新。
       LinkEmbedManifest:
         所有输出均为最新。
         Prototype.vcxproj -> E:\file\study\code\C++_Code\Prototype\Debug\Prototype.exe
       FinalizeBuildStatus:
         正在删除文件“Debug\Prototype.unsuccessfulbuild”。
         正在对“Debug\Prototype.lastbuildstate”执行 Touch 任务。
     1>已完成生成项目“E:\file\study\code\C++_Code\Prototype\Prototype\Prototype.vcxproj”(build 个目标)的操作。

生成成功。

已用时间 00:00:00.69
